2026-07-14T14:33:05.824-0300 [DEBUG] [org.gradle.launcher.daemon.bootstrap.DaemonMain] Assuming the daemon was started with following jvm opts: [-XX:MaxMetaspaceSize=384m, -XX:+HeapDumpOnOutOfMemoryError, -Xms256m, -Xmx512m, -Dfile.encoding=UTF-8, -Duser.country=US, -Duser.language=en, -Duser.variant]
2026-07-14T14:33:06.025-0300 [DEBUG] [org.gradle.internal.remote.internal.inet.InetAddresses] Adding IP addresses for network interface veth961a685
2026-07-14T14:33:06.026-0300 [DEBUG] [org.gradle.internal.remote.internal.inet.InetAddresses] Is this a loopback interface? false
2026-07-14T14:33:06.026-0300 [DEBUG] [org.gradle.internal.remote.internal.inet.InetAddresses] Adding remote address /fe80:0:0:0:98e5:10ff:fed1:27dd%veth961a685
2026-07-14T14:33:06.027-0300 [DEBUG] [org.gradle.internal.remote.internal.inet.InetAddresses] Adding IP addresses for network interface veth284222e
2026-07-14T14:33:06.027-0300 [DEBUG] [org.gradle.internal.remote.internal.inet.InetAddresses] Is this a loopback interface? false
2026-07-14T14:33:06.027-0300 [DEBUG] [org.gradle.internal.remote.internal.inet.InetAddresses] Adding remote address /fe80:0:0:0:b452:b0ff:fe16:f58e%veth284222e
2026-07-14T14:33:06.029-0300 [DEBUG] [org.gradle.internal.remote.internal.inet.InetAddresses] Adding IP addresses for network interface docker0
2026-07-14T14:33:06.029-0300 [DEBUG] [org.gradle.internal.remote.internal.inet.InetAddresses] Is this a loopback interface? false
2026-07-14T14:33:06.029-0300 [DEBUG] [org.gradle.internal.remote.internal.inet.InetAddresses] Adding remote address /fe80:0:0:0:6859:9bff:fe0b:64c4%docker0
2026-07-14T14:33:06.030-0300 [DEBUG] [org.gradle.internal.remote.internal.inet.InetAddresses] Adding remote address /172.17.0.1
2026-07-14T14:33:06.031-0300 [DEBUG] [org.gradle.internal.remote.internal.inet.InetAddresses] Adding IP addresses for network interface wlp4s0
2026-07-14T14:33:06.035-0300 [DEBUG] [org.gradle.internal.remote.internal.inet.InetAddresses] Is this a loopback interface? false
2026-07-14T14:33:06.037-0300 [DEBUG] [org.gradle.internal.remote.internal.inet.InetAddresses] Adding remote address /fe80:0:0:0:7c2a:f7e6:fac7:cc19%wlp4s0
2026-07-14T14:33:06.039-0300 [DEBUG] [org.gradle.internal.remote.internal.inet.InetAddresses] Adding remote address /2804:14c:65d7:82f5:9193:8bcc:3227:ef79%wlp4s0
2026-07-14T14:33:06.041-0300 [DEBUG] [org.gradle.internal.remote.internal.inet.InetAddresses] Adding remote address /2804:14c:65d7:82f5:590:65c4:8c7a:7354%wlp4s0
2026-07-14T14:33:06.042-0300 [DEBUG] [org.gradle.internal.remote.internal.inet.InetAddresses] Adding remote address /2804:14c:65d7:82f5:c6da:3917:3463:a301%wlp4s0
2026-07-14T14:33:06.043-0300 [DEBUG] [org.gradle.internal.remote.internal.inet.InetAddresses] Adding remote address /2804:14c:65d7:82f5:3450:5a7:120a:33dd%wlp4s0
2026-07-14T14:33:06.044-0300 [DEBUG] [org.gradle.internal.remote.internal.inet.InetAddresses] Adding remote address /192.168.0.247
2026-07-14T14:33:06.044-0300 [DEBUG] [org.gradle.internal.remote.internal.inet.InetAddresses] Adding IP addresses for network interface lo
2026-07-14T14:33:06.045-0300 [DEBUG] [org.gradle.internal.remote.internal.inet.InetAddresses] Is this a loopback interface? true
2026-07-14T14:33:06.045-0300 [DEBUG] [org.gradle.internal.remote.internal.inet.InetAddresses] Adding loopback address /0:0:0:0:0:0:0:1%lo
2026-07-14T14:33:06.046-0300 [DEBUG] [org.gradle.internal.remote.internal.inet.InetAddresses] Adding loopback address /127.0.0.1
2026-07-14T14:33:06.118-0300 [INFO] [org.gradle.launcher.daemon.server.Daemon] start() called on daemon - DefaultDaemonContext[uid=e1b01aaa-fffc-4ff8-a368-c9fc1c470662,javaHome=/usr/lib/jvm/java-17-openjdk-amd64,javaVersion=17,javaVendor=Ubuntu,daemonRegistryDir=/home/lucas/Downloads/demo/daemon,pid=128849,idleTimeout=10800000,priority=NORMAL,applyInstrumentationAgent=true,nativeServicesMode=ENABLED,daemonOpts=-XX:MaxMetaspaceSize=384m,-XX:+HeapDumpOnOutOfMemoryError,-Xms256m,-Xmx512m,-Dfile.encoding=UTF-8,-Duser.country=US,-Duser.language=en,-Duser.variant]
2026-07-14T14:33:06.125-0300 [DEBUG] [org.gradle.internal.remote.internal.inet.TcpIncomingConnector] Listening on [2ec80caa-85ad-4104-92c7-970d764a2e75 port:45101, addresses:[localhost/127.0.0.1]].
2026-07-14T14:33:06.141-0300 [DEBUG] [org.gradle.launcher.daemon.server.Daemon] Daemon starting at: Tue Jul 14 14:33:06 BRT 2026, with address: [2ec80caa-85ad-4104-92c7-970d764a2e75 port:45101, addresses:[localhost/127.0.0.1]]
2026-07-14T14:33:06.142-0300 [INFO] [org.gradle.launcher.daemon.server.DaemonRegistryUpdater] Advertising the daemon address to the clients: [2ec80caa-85ad-4104-92c7-970d764a2e75 port:45101, addresses:[localhost/127.0.0.1]]
2026-07-14T14:33:06.142-0300 [DEBUG] [org.gradle.launcher.daemon.server.DaemonRegistryUpdater] Advertised daemon context: DefaultDaemonContext[uid=e1b01aaa-fffc-4ff8-a368-c9fc1c470662,javaHome=/usr/lib/jvm/java-17-openjdk-amd64,javaVersion=17,javaVendor=Ubuntu,daemonRegistryDir=/home/lucas/Downloads/demo/daemon,pid=128849,idleTimeout=10800000,priority=NORMAL,applyInstrumentationAgent=true,nativeServicesMode=ENABLED,daemonOpts=-XX:MaxMetaspaceSize=384m,-XX:+HeapDumpOnOutOfMemoryError,-Xms256m,-Xmx512m,-Dfile.encoding=UTF-8,-Duser.country=US,-Duser.language=en,-Duser.variant]
2026-07-14T14:33:06.143-0300 [DEBUG] [org.gradle.launcher.daemon.registry.PersistentDaemonRegistry] Storing daemon address: [2ec80caa-85ad-4104-92c7-970d764a2e75 port:45101, addresses:[localhost/127.0.0.1]], context: DefaultDaemonContext[uid=e1b01aaa-fffc-4ff8-a368-c9fc1c470662,javaHome=/usr/lib/jvm/java-17-openjdk-amd64,javaVersion=17,javaVendor=Ubuntu,daemonRegistryDir=/home/lucas/Downloads/demo/daemon,pid=128849,idleTimeout=10800000,priority=NORMAL,applyInstrumentationAgent=true,nativeServicesMode=ENABLED,daemonOpts=-XX:MaxMetaspaceSize=384m,-XX:+HeapDumpOnOutOfMemoryError,-Xms256m,-Xmx512m,-Dfile.encoding=UTF-8,-Duser.country=US,-Duser.language=en,-Duser.variant]
2026-07-14T14:33:06.151-0300 [DEBUG] [org.gradle.cache.internal.DefaultFileLockManager] Waiting to acquire exclusive lock on daemon addresses registry.
2026-07-14T14:33:06.155-0300 [DEBUG] [org.gradle.cache.internal.DefaultFileLockManager] Lock acquired on daemon addresses registry.
2026-07-14T14:33:06.170-0300 [DEBUG] [org.gradle.cache.internal.DefaultFileLockManager] Releasing lock on daemon addresses registry.
2026-07-14T14:33:06.172-0300 [LIFECYCLE] [org.gradle.launcher.daemon.server.Daemon] Daemon server started.
2026-07-14T14:33:06.174-0300 [DEBUG] [org.gradle.launcher.daemon.bootstrap.DaemonStartupCommunication] Completed writing the daemon greeting. Closing streams...
2026-07-14T14:33:06.181-0300 [DEBUG] [org.gradle.internal.remote.internal.inet.TcpIncomingConnector] Accepted connection from /127.0.0.1:49500 to /127.0.0.1:45101.
2026-07-14T14:33:06.185-0300 [DEBUG] [org.gradle.launcher.daemon.server.Daemon] stopOnExpiration() called on daemon
2026-07-14T14:33:06.195-0300 [DEBUG] [org.gradle.launcher.daemon.server.Daemon] awaitExpiration() called on daemon
2026-07-14T14:33:06.196-0300 [DEBUG] [org.gradle.launcher.daemon.server.DaemonStateCoordinator] daemon is running. Sleeping until state changes.
2026-07-14T14:33:06.219-0300 [DEBUG] [org.gradle.launcher.daemon.server.SynchronizedDispatchConnection] thread 29: received class org.gradle.launcher.daemon.protocol.Build
2026-07-14T14:33:06.220-0300 [DEBUG] [org.gradle.launcher.daemon.server.DefaultDaemonConnection] thread 29: Received non-IO message from client: Build{id=178f7507-a94a-4237-8dd3-ed04a56cd956, currentDir=/home/lucas/Downloads/demo}
2026-07-14T14:33:06.220-0300 [INFO] [org.gradle.launcher.daemon.server.DefaultIncomingConnectionHandler] Received command: Build{id=178f7507-a94a-4237-8dd3-ed04a56cd956, currentDir=/home/lucas/Downloads/demo}.
2026-07-14T14:33:06.220-0300 [DEBUG] [org.gradle.launcher.daemon.server.DefaultIncomingConnectionHandler] Starting executing command: Build{id=178f7507-a94a-4237-8dd3-ed04a56cd956, currentDir=/home/lucas/Downloads/demo} with connection: socket connection from /127.0.0.1:45101 to /127.0.0.1:49500.
2026-07-14T14:33:06.223-0300 [DEBUG] [org.gradle.launcher.daemon.server.DaemonStateCoordinator] Command execution: started DaemonCommandExecution[command = Build{id=178f7507-a94a-4237-8dd3-ed04a56cd956, currentDir=/home/lucas/Downloads/demo}, connection = DefaultDaemonConnection: socket connection from /127.0.0.1:45101 to /127.0.0.1:49500] after 0.0016833333333333333 minutes of idle
2026-07-14T14:33:06.223-0300 [INFO] [org.gradle.launcher.daemon.server.DaemonRegistryUpdater] Marking the daemon as busy, address: [2ec80caa-85ad-4104-92c7-970d764a2e75 port:45101, addresses:[localhost/127.0.0.1]]
2026-07-14T14:33:06.224-0300 [DEBUG] [org.gradle.launcher.daemon.registry.PersistentDaemonRegistry] Marking busy by address: [2ec80caa-85ad-4104-92c7-970d764a2e75 port:45101, addresses:[localhost/127.0.0.1]]
2026-07-14T14:33:06.224-0300 [DEBUG] [org.gradle.cache.internal.DefaultFileLockManager] Waiting to acquire exclusive lock on daemon addresses registry.
2026-07-14T14:33:06.225-0300 [DEBUG] [org.gradle.cache.internal.DefaultFileLockManager] Lock acquired on daemon addresses registry.
2026-07-14T14:33:06.226-0300 [DEBUG] [org.gradle.cache.internal.DefaultFileLockManager] Releasing lock on daemon addresses registry.
2026-07-14T14:33:06.226-0300 [DEBUG] [org.gradle.launcher.daemon.server.DaemonStateCoordinator] resetting idle timer
2026-07-14T14:33:06.227-0300 [DEBUG] [org.gradle.launcher.daemon.server.DaemonStateCoordinator] daemon is running. Sleeping until state changes.
2026-07-14T14:33:06.228-0300 [INFO] [org.gradle.launcher.daemon.server.exec.StartBuildOrRespondWithBusy] Daemon is about to start building Build{id=178f7507-a94a-4237-8dd3-ed04a56cd956, currentDir=/home/lucas/Downloads/demo}. Dispatching build started information...
2026-07-14T14:33:06.228-0300 [DEBUG] [org.gradle.launcher.daemon.server.SynchronizedDispatchConnection] thread 31: dispatching org.gradle.launcher.daemon.protocol.BuildStarted@4baef8bb
2026-07-14T14:33:06.230-0300 [DEBUG] [org.gradle.launcher.daemon.server.exec.EstablishBuildEnvironment] Configuring env variables: [PATH, XAUTHORITY, INVOCATION_ID, XMODIFIERS, GDMSESSION, XDG_DATA_DIRS, SNAP_COMMON, SNAP_INSTANCE_KEY, DBUS_SESSION_BUS_ADDRESS, SNAP_USER_COMMON, XDG_ACTIVATION_TOKEN, SNAP_REVISION, XDG_CURRENT_DESKTOP, JOURNAL_STREAM, GSM_SKIP_SSH_AGENT_WORKAROUND, USERNAME, SESSION_MANAGER, LOGNAME, PWD, MANAGERPID, IM_CONFIG_PHASE, SNAP_UID, GJS_DEBUG_TOPICS, SHELL, GIO_LAUNCHED_DESKTOP_FILE, CLUTTER_DISABLE_MIPMAPPED_TEXT, GNOME_DESKTOP_SESSION_ID, GTK_MODULES, DEBUGINFOD_URLS, SNAP_ARCH, SYSTEMD_EXEC_PID, GNOME_SETUP_DISPLAY, SNAP_LIBRARY_PATH, XDG_SESSION_DESKTOP, SHLVL, SNAP_EUID, MEMORY_PRESSURE_WRITE, SNAP_NAME, QT_IM_MODULE, MEMORY_PRESSURE_WATCH, XDG_CONFIG_DIRS, LANG, SNAP_INSTANCE_NAME, XDG_SESSION_TYPE, SNAP_USER_DATA, DISPLAY, SNAP_REEXEC, WAYLAND_DISPLAY, SNAP_VERSION, _, XDG_SESSION_CLASS, SNAP_DATA, DESKTOP_SESSION, SNAP, USER, SNAP_REAL_HOME, XDG_MENU_PREFIX, GIO_LAUNCHED_DESKTOP_FILE_PID, QT_ACCESSIBILITY, GJS_DEBUG_OUTPUT, SSH_AUTH_SOCK, GNOME_SHELL_SESSION_MODE, SNAP_CONTEXT, XDG_RUNTIME_DIR, HOME, SNAP_COOKIE]
2026-07-14T14:33:06.235-0300 [DEBUG] [org.gradle.launcher.daemon.server.exec.LogToClient] About to start relaying all logs to the client via the connection.
2026-07-14T14:33:06.235-0300 [INFO] [org.gradle.launcher.daemon.server.exec.LogToClient] The client will now receive all logging from the daemon (pid: 128849). The daemon log file: /home/lucas/Downloads/demo/daemon/9.5.1/daemon-128849.out.log
2026-07-14T14:33:06.236-0300 [INFO] [org.gradle.launcher.daemon.server.exec.LogAndCheckHealth] Starting build in new daemon [memory: 512 MiB]
2026-07-14T14:33:06.242-0300 [DEBUG] [org.gradle.launcher.daemon.server.exec.ExecuteBuild] The daemon has started executing the build.
2026-07-14T14:33:06.242-0300 [DEBUG] [org.gradle.launcher.daemon.server.exec.ExecuteBuild] Executing build with daemon context: DefaultDaemonContext[uid=e1b01aaa-fffc-4ff8-a368-c9fc1c470662,javaHome=/usr/lib/jvm/java-17-openjdk-amd64,javaVersion=17,javaVendor=Ubuntu,daemonRegistryDir=/home/lucas/Downloads/demo/daemon,pid=128849,idleTimeout=10800000,priority=NORMAL,applyInstrumentationAgent=true,nativeServicesMode=ENABLED,daemonOpts=-XX:MaxMetaspaceSize=384m,-XX:+HeapDumpOnOutOfMemoryError,-Xms256m,-Xmx512m,-Dfile.encoding=UTF-8,-Duser.country=US,-Duser.language=en,-Duser.variant]

FAILURE: Build failed with an exception.

* What went wrong:
Execution failed for task ':compileJava' (registered by plugin class 'org.gradle.api.plugins.JavaBasePlugin').
> Could not resolve all files for configuration ':compileClasspath'.
   > Could not find org.springdoc:springdoc:openapi-starter-webmvc-ui.
     Required by:
         root project 'demo'

* Try:
> Run with --stacktrace option to get the stack trace.
> Run with --info or --debug option to get more log output.
> Run with --scan to get full insights from a Build Scan (powered by Develocity).
> Get more help at https://help.gradle.org.

BUILD FAILED in 10s
1 actionable task: 1 executed
2026-07-14T14:33:12.860-0300 [DEBUG] [org.gradle.launcher.daemon.server.exec.ExecuteBuild] The daemon has finished executing the build.
2026-07-14T14:33:12.873-0300 [DEBUG] [org.gradle.launcher.daemon.server.DaemonStateCoordinator] daemon is running. Sleeping until state changes.
2026-07-14T14:33:12.873-0300 [DEBUG] [org.gradle.launcher.daemon.server.DaemonStateCoordinator] Command execution: finished waiting for DaemonCommandExecution[command = Build{id=178f7507-a94a-4237-8dd3-ed04a56cd956, currentDir=/home/lucas/Downloads/demo}, connection = DefaultDaemonConnection: socket connection from /127.0.0.1:45101 to /127.0.0.1:49500]. Result org.gradle.launcher.daemon.server.DaemonStateCoordinator@488f6274 with state Busy
2026-07-14T14:33:12.873-0300 [DEBUG] [org.gradle.launcher.daemon.server.DaemonStateCoordinator] Command execution: completed DaemonCommandExecution[command = Build{id=178f7507-a94a-4237-8dd3-ed04a56cd956, currentDir=/home/lucas/Downloads/demo}, connection = DefaultDaemonConnection: socket connection from /127.0.0.1:45101 to /127.0.0.1:49500]
2026-07-14T14:33:12.873-0300 [DEBUG] [org.gradle.launcher.daemon.server.DaemonStateCoordinator] resetting idle timer
2026-07-14T14:33:12.873-0300 [INFO] [org.gradle.launcher.daemon.server.DaemonRegistryUpdater] Marking the daemon as idle, address: [2ec80caa-85ad-4104-92c7-970d764a2e75 port:45101, addresses:[localhost/127.0.0.1]]
2026-07-14T14:33:12.873-0300 [DEBUG] [org.gradle.launcher.daemon.registry.PersistentDaemonRegistry] Marking busy by address: [2ec80caa-85ad-4104-92c7-970d764a2e75 port:45101, addresses:[localhost/127.0.0.1]]
2026-07-14T14:33:12.874-0300 [DEBUG] [org.gradle.cache.internal.DefaultFileLockManager] Waiting to acquire exclusive lock on daemon addresses registry.
2026-07-14T14:33:12.874-0300 [DEBUG] [org.gradle.cache.internal.DefaultFileLockManager] Lock acquired on daemon addresses registry.
2026-07-14T14:33:12.874-0300 [DEBUG] [org.gradle.cache.internal.DefaultFileLockManager] Releasing lock on daemon addresses registry.
2026-07-14T14:33:12.875-0300 [DEBUG] [org.gradle.launcher.daemon.server.DaemonStateCoordinator] daemon is running. Sleeping until state changes.
2026-07-14T14:33:12.875-0300 [DEBUG] [org.gradle.launcher.daemon.server.exec.ReturnResult] Daemon is dispatching the build result: Success[value=org.gradle.launcher.exec.BuildActionResult@3921e21f]
2026-07-14T14:33:12.875-0300 [DEBUG] [org.gradle.launcher.daemon.server.SynchronizedDispatchConnection] thread 28: dispatching Success[value=org.gradle.launcher.exec.BuildActionResult@3921e21f]
2026-07-14T14:33:12.883-0300 [DEBUG] [org.gradle.launcher.daemon.server.SynchronizedDispatchConnection] thread 29: received class org.gradle.launcher.daemon.protocol.CloseInput
2026-07-14T14:33:12.884-0300 [DEBUG] [org.gradle.launcher.daemon.server.DefaultDaemonConnection] thread 29: Received IO message from client: org.gradle.launcher.daemon.protocol.CloseInput@7f92db3c
2026-07-14T14:33:12.884-0300 [DEBUG] [org.gradle.launcher.daemon.server.SynchronizedDispatchConnection] thread 29: received class org.gradle.launcher.daemon.protocol.Finished
2026-07-14T14:33:12.884-0300 [DEBUG] [org.gradle.launcher.daemon.server.DefaultDaemonConnection] thread 29: Received non-IO message from client: org.gradle.launcher.daemon.protocol.Finished@5c1c924f
2026-07-14T14:33:12.884-0300 [DEBUG] [org.gradle.launcher.daemon.server.exec.CleanUpVirtualFileSystemAfterBuild] Cleaning virtual file system after build finished
2026-07-14T14:33:12.884-0300 [DEBUG] [org.gradle.launcher.daemon.server.DefaultIncomingConnectionHandler] Finishing executing command: Build{id=178f7507-a94a-4237-8dd3-ed04a56cd956, currentDir=/home/lucas/Downloads/demo}
2026-07-14T14:33:12.884-0300 [DEBUG] [org.gradle.internal.remote.internal.inet.SocketConnection] Discarding EOFException: java.io.EOFException
2026-07-14T14:33:12.885-0300 [DEBUG] [org.gradle.launcher.daemon.server.DefaultIncomingConnectionHandler] Received finished message: org.gradle.launcher.daemon.protocol.Finished@5c1c924f
2026-07-14T14:33:12.885-0300 [DEBUG] [org.gradle.launcher.daemon.server.SynchronizedDispatchConnection] thread 29: received null
2026-07-14T14:33:12.885-0300 [DEBUG] [org.gradle.launcher.daemon.server.SynchronizedDispatchConnection] thread 28: stopping connection
2026-07-14T14:33:12.885-0300 [DEBUG] [org.gradle.launcher.daemon.server.DefaultDaemonConnection] thread 29: Received end-of-input from client.
2026-07-14T14:33:12.886-0300 [DEBUG] [org.gradle.launcher.daemon.server.SynchronizedDispatchConnection] thread 28: stopping connection
2026-07-14T14:33:12.972-0300 [DEBUG] [org.gradle.cache.internal.locklistener.DefaultFileLockCommunicator] Confirming unlock request to process at port 35267 for lock with id 5100975033897787322.
2026-07-14T14:33:12.973-0300 [DEBUG] [org.gradle.cache.internal.LockOnDemandCrossProcessCacheAccess] Lock on journal cache (/home/lucas/Downloads/demo/caches/journal-1) requested by another process - releasing lock.
2026-07-14T14:33:12.973-0300 [DEBUG] [org.gradle.cache.internal.LockOnDemandCrossProcessCacheAccess] Releasing file lock for journal cache (/home/lucas/Downloads/demo/caches/journal-1)
2026-07-14T14:33:12.973-0300 [DEBUG] [org.gradle.cache.internal.btree.BTreePersistentIndexedCache] Closing cache file-access.bin (/home/lucas/Downloads/demo/caches/journal-1/file-access.bin)
2026-07-14T14:33:12.973-0300 [DEBUG] [org.gradle.cache.internal.DefaultFileLockManager] Releasing lock on journal cache (/home/lucas/Downloads/demo/caches/journal-1).
2026-07-14T14:33:12.974-0300 [DEBUG] [org.gradle.cache.internal.locklistener.DefaultFileLockCommunicator] Confirming lock release to process at port 35267 for lock with id 5100975033897787322.
2026-07-14T14:33:13.005-0300 [DEBUG] [org.gradle.cache.internal.locklistener.DefaultFileLockCommunicator] Confirming unlock request to process at port 35267 for lock with id 2534640598593590468.
2026-07-14T14:33:13.005-0300 [DEBUG] [org.gradle.cache.internal.LockOnDemandCrossProcessCacheAccess] Lock on file hash cache (/home/lucas/Downloads/demo/caches/9.5.1/fileHashes) requested by another process - releasing lock.
2026-07-14T14:33:13.005-0300 [DEBUG] [org.gradle.cache.internal.LockOnDemandCrossProcessCacheAccess] Releasing file lock for file hash cache (/home/lucas/Downloads/demo/caches/9.5.1/fileHashes)
2026-07-14T14:33:13.005-0300 [DEBUG] [org.gradle.cache.internal.btree.BTreePersistentIndexedCache] Closing cache fileHashes.bin (/home/lucas/Downloads/demo/caches/9.5.1/fileHashes/fileHashes.bin)
2026-07-14T14:33:13.005-0300 [DEBUG] [org.gradle.cache.internal.btree.BTreePersistentIndexedCache] Closing cache resourceHashesCache.bin (/home/lucas/Downloads/demo/caches/9.5.1/fileHashes/resourceHashesCache.bin)
2026-07-14T14:33:13.005-0300 [DEBUG] [org.gradle.cache.internal.DefaultFileLockManager] Releasing lock on file hash cache (/home/lucas/Downloads/demo/caches/9.5.1/fileHashes).
2026-07-14T14:33:13.006-0300 [DEBUG] [org.gradle.cache.internal.locklistener.DefaultFileLockCommunicator] Confirming lock release to process at port 35267 for lock with id 2534640598593590468.
2026-07-14T14:33:13.009-0300 [DEBUG] [org.gradle.cache.internal.LockOnDemandCrossProcessCacheAccess] Lock on jars (/home/lucas/Downloads/demo/caches/jars-9) requested by another process - releasing lock.
2026-07-14T14:33:13.010-0300 [DEBUG] [org.gradle.cache.internal.LockOnDemandCrossProcessCacheAccess] Releasing file lock for jars (/home/lucas/Downloads/demo/caches/jars-9)
2026-07-14T14:33:13.009-0300 [DEBUG] [org.gradle.cache.internal.locklistener.DefaultFileLockCommunicator] Confirming unlock request to process at port 35267 for lock with id -2531454873937202367.
2026-07-14T14:33:13.010-0300 [DEBUG] [org.gradle.cache.internal.DefaultFileLockManager] Releasing lock on jars (/home/lucas/Downloads/demo/caches/jars-9).
2026-07-14T14:33:13.010-0300 [DEBUG] [org.gradle.cache.internal.locklistener.DefaultFileLockCommunicator] Confirming lock release to process at port 35267 for lock with id -2531454873937202367.
2026-07-14T14:33:13.105-0300 [DEBUG] [org.gradle.cache.internal.locklistener.DefaultFileLockCommunicator] Confirming unlock request to process at port 35267 for lock with id -8200320777896121759.
2026-07-14T14:33:13.105-0300 [DEBUG] [org.gradle.cache.internal.LockOnDemandCrossProcessCacheAccess] Lock on artifact cache (/home/lucas/Downloads/demo/caches/modules-2) requested by another process - releasing lock.
2026-07-14T14:33:13.106-0300 [DEBUG] [org.gradle.cache.internal.LockOnDemandCrossProcessCacheAccess] Releasing file lock for artifact cache (/home/lucas/Downloads/demo/caches/modules-2)
2026-07-14T14:33:13.106-0300 [DEBUG] [org.gradle.cache.internal.btree.BTreePersistentIndexedCache] Closing cache module-artifact.bin (/home/lucas/Downloads/demo/caches/modules-2/metadata-2.107/module-artifact.bin)
2026-07-14T14:33:13.106-0300 [DEBUG] [org.gradle.cache.internal.btree.BTreePersistentIndexedCache] Closing cache module-metadata.bin (/home/lucas/Downloads/demo/caches/modules-2/metadata-2.107/module-metadata.bin)
2026-07-14T14:33:13.106-0300 [DEBUG] [org.gradle.cache.internal.btree.BTreePersistentIndexedCache] Closing cache resource-at-url.bin (/home/lucas/Downloads/demo/caches/modules-2/metadata-2.107/resource-at-url.bin)
2026-07-14T14:33:13.106-0300 [DEBUG] [org.gradle.cache.internal.DefaultFileLockManager] Releasing lock on artifact cache (/home/lucas/Downloads/demo/caches/modules-2).
2026-07-14T14:33:13.107-0300 [DEBUG] [org.gradle.cache.internal.locklistener.DefaultFileLockCommunicator] Confirming lock release to process at port 35267 for lock with id -8200320777896121759.
2026-07-14T14:33:16.194-0300 [DEBUG] [org.gradle.launcher.daemon.server.Daemon] Starting periodic daemon health check.
2026-07-14T14:33:16.195-0300 [DEBUG] [org.gradle.cache.internal.DefaultFileLockManager] Waiting to acquire shared lock on daemon addresses registry.
2026-07-14T14:33:16.195-0300 [DEBUG] [org.gradle.cache.internal.DefaultFileLockManager] Lock acquired on daemon addresses registry.
2026-07-14T14:33:16.196-0300 [DEBUG] [org.gradle.cache.internal.DefaultFileLockManager] Releasing lock on daemon addresses registry.
2026-07-14T14:33:16.197-0300 [DEBUG] [org.gradle.cache.internal.DefaultFileLockManager] Waiting to acquire shared lock on daemon addresses registry.
2026-07-14T14:33:16.197-0300 [DEBUG] [org.gradle.cache.internal.DefaultFileLockManager] Lock acquired on daemon addresses registry.
2026-07-14T14:33:16.197-0300 [DEBUG] [org.gradle.cache.internal.DefaultFileLockManager] Releasing lock on daemon addresses registry.
2026-07-14T14:33:16.200-0300 [DEBUG] [org.gradle.launcher.daemon.server.Daemon] Finished periodic daemon health check.
2026-07-14T14:33:23.295-0300 [DEBUG] [org.gradle.internal.watch.vfs.impl.WatchingVirtualFileSystem] Handling VFS change CREATED /home/lucas/Downloads/demo/src/main/java/com/example/demo/Config
2026-07-14T14:33:23.297-0300 [DEBUG] [org.gradle.internal.watch.registry.impl.NonHierarchicalFileWatcherUpdater] Watching 18 directories to track changes
2026-07-14T14:33:26.194-0300 [DEBUG] [org.gradle.launcher.daemon.server.Daemon] Starting periodic daemon health check.
2026-07-14T14:33:26.194-0300 [DEBUG] [org.gradle.cache.internal.DefaultFileLockManager] Waiting to acquire shared lock on daemon addresses registry.
2026-07-14T14:33:26.195-0300 [DEBUG] [org.gradle.cache.internal.DefaultFileLockManager] Lock acquired on daemon addresses registry.
2026-07-14T14:33:26.195-0300 [DEBUG] [org.gradle.cache.internal.DefaultFileLockManager] Releasing lock on daemon addresses registry.
2026-07-14T14:33:26.195-0300 [DEBUG] [org.gradle.cache.internal.DefaultFileLockManager] Waiting to acquire shared lock on daemon addresses registry.
2026-07-14T14:33:26.196-0300 [DEBUG] [org.gradle.cache.internal.DefaultFileLockManager] Lock acquired on daemon addresses registry.
2026-07-14T14:33:26.196-0300 [DEBUG] [org.gradle.cache.internal.DefaultFileLockManager] Releasing lock on daemon addresses registry.
2026-07-14T14:33:26.196-0300 [DEBUG] [org.gradle.cache.internal.DefaultFileLockManager] Waiting to acquire shared lock on daemon addresses registry.
2026-07-14T14:33:26.197-0300 [DEBUG] [org.gradle.cache.internal.DefaultFileLockManager] Lock acquired on daemon addresses registry.
2026-07-14T14:33:26.197-0300 [DEBUG] [org.gradle.cache.internal.DefaultFileLockManager] Releasing lock on daemon addresses registry.
2026-07-14T14:33:26.197-0300 [DEBUG] [org.gradle.cache.internal.DefaultFileLockManager] Waiting to acquire shared lock on daemon addresses registry.
2026-07-14T14:33:26.198-0300 [DEBUG] [org.gradle.cache.internal.DefaultFileLockManager] Lock acquired on daemon addresses registry.
2026-07-14T14:33:26.198-0300 [DEBUG] [org.gradle.cache.internal.DefaultFileLockManager] Releasing lock on daemon addresses registry.
2026-07-14T14:33:26.198-0300 [DEBUG] [org.gradle.launcher.daemon.server.DaemonRegistryUpdater] Storing daemon stop event: other compatible daemons were started and after being idle for 0 minutes and not recently used
2026-07-14T14:33:26.199-0300 [DEBUG] [org.gradle.launcher.daemon.registry.PersistentDaemonRegistry] Storing daemon stop event with timestamp 1784050406199
2026-07-14T14:33:26.200-0300 [DEBUG] [org.gradle.cache.internal.DefaultFileLockManager] Waiting to acquire exclusive lock on daemon addresses registry.
2026-07-14T14:33:26.201-0300 [DEBUG] [org.gradle.cache.internal.DefaultFileLockManager] Lock acquired on daemon addresses registry.
2026-07-14T14:33:26.202-0300 [DEBUG] [org.gradle.cache.internal.DefaultFileLockManager] Releasing lock on daemon addresses registry.
2026-07-14T14:33:26.202-0300 [LIFECYCLE] [org.gradle.launcher.daemon.server.DaemonStateCoordinator] Daemon will be stopped at the end of the build other compatible daemons were started and after being idle for 0 minutes and not recently used
2026-07-14T14:33:26.203-0300 [DEBUG] [org.gradle.launcher.daemon.server.DaemonStateCoordinator] Marking daemon stopped due to other compatible daemons were started and after being idle for 0 minutes and not recently used. The daemon is not running a build
2026-07-14T14:33:26.203-0300 [DEBUG] [org.gradle.launcher.daemon.server.Daemon] Finished periodic daemon health check.
2026-07-14T14:33:26.203-0300 [DEBUG] [org.gradle.launcher.daemon.server.DaemonStateCoordinator] daemon has stopped.
2026-07-14T14:33:26.204-0300 [DEBUG] [org.gradle.launcher.daemon.server.Daemon] stop() called on daemon
2026-07-14T14:33:26.204-0300 [INFO] [org.gradle.launcher.daemon.server.Daemon] Stop requested. Daemon is removing its presence from the registry...
2026-07-14T14:33:26.204-0300 [DEBUG] [org.gradle.launcher.daemon.server.DaemonRegistryUpdater] Removing our presence to clients, eg. removing this address from the registry: [2ec80caa-85ad-4104-92c7-970d764a2e75 port:45101, addresses:[localhost/127.0.0.1]]
2026-07-14T14:33:26.204-0300 [DEBUG] [org.gradle.launcher.daemon.registry.PersistentDaemonRegistry] Removing daemon address: [2ec80caa-85ad-4104-92c7-970d764a2e75 port:45101, addresses:[localhost/127.0.0.1]]
2026-07-14T14:33:26.204-0300 [DEBUG] [org.gradle.cache.internal.DefaultFileLockManager] Waiting to acquire exclusive lock on daemon addresses registry.
2026-07-14T14:33:26.205-0300 [DEBUG] [org.gradle.cache.internal.DefaultFileLockManager] Lock acquired on daemon addresses registry.
2026-07-14T14:33:26.205-0300 [DEBUG] [org.gradle.cache.internal.DefaultFileLockManager] Releasing lock on daemon addresses registry.
2026-07-14T14:33:26.205-0300 [DEBUG] [org.gradle.launcher.daemon.server.DaemonRegistryUpdater] Address removed from registry.
2026-07-14T14:33:26.208-0300 [DEBUG] [org.gradle.cache.internal.DefaultCacheCleanupExecutor] jars (/home/lucas/Downloads/demo/caches/jars-9) has last been fully cleaned up 18 hours ago
2026-07-14T14:33:26.208-0300 [DEBUG] [org.gradle.cache.internal.DefaultCacheCleanupExecutor] Skipping cleanup for jars (/home/lucas/Downloads/demo/caches/jars-9) as it is not yet due
2026-07-14T14:33:26.208-0300 [DEBUG] [org.gradle.cache.internal.LockOnDemandCrossProcessCacheAccess] Releasing file lock for file content cache (/home/lucas/Downloads/demo/caches/9.5.1/fileContent)
2026-07-14T14:33:26.208-0300 [DEBUG] [org.gradle.cache.internal.DefaultFileLockManager] Releasing lock on file content cache (/home/lucas/Downloads/demo/caches/9.5.1/fileContent).
2026-07-14T14:33:26.209-0300 [DEBUG] [org.gradle.internal.watch.vfs.impl.WatchingVirtualFileSystem] Closing VFS, dropping state
2026-07-14T14:33:26.209-0300 [DEBUG] [org.gradle.internal.watch.registry.impl.DefaultFileWatcherRegistry] Finished listening to file system change events
2026-07-14T14:33:26.209-0300 [DEBUG] [org.gradle.cache.internal.DefaultCacheCoordinator] Cache Generated Gradle JARs cache (/home/lucas/Downloads/demo/caches/9.5.1/generated-gradle-jars) was closed 0 times.
2026-07-14T14:33:26.210-0300 [DEBUG] [org.gradle.cache.internal.DefaultCacheCleanupExecutor] artifact cache (/home/lucas/Downloads/demo/caches/modules-2) has last been fully cleaned up 18 hours ago
2026-07-14T14:33:26.210-0300 [DEBUG] [org.gradle.cache.internal.DefaultCacheCleanupExecutor] Skipping cleanup for artifact cache (/home/lucas/Downloads/demo/caches/modules-2) as it is not yet due
2026-07-14T14:33:26.210-0300 [DEBUG] [org.gradle.cache.internal.DefaultCacheCleanupExecutor] groovy-dsl has last been fully cleaned up 18 hours ago
2026-07-14T14:33:26.210-0300 [DEBUG] [org.gradle.cache.internal.DefaultCacheCleanupExecutor] Skipping cleanup for groovy-dsl as it is not yet due
2026-07-14T14:33:26.210-0300 [DEBUG] [org.gradle.cache.internal.DefaultCacheCleanupExecutor] Artifact transforms cache has last been fully cleaned up 18 hours ago
2026-07-14T14:33:26.210-0300 [DEBUG] [org.gradle.cache.internal.DefaultCacheCleanupExecutor] Skipping cleanup for Artifact transforms cache as it is not yet due
2026-07-14T14:33:26.212-0300 [DEBUG] [org.gradle.internal.operations.DefaultBuildOperationRunner] Build operation 'Deleting unused version-specific caches in /home/lucas/Downloads/demo/caches' started
2026-07-14T14:33:26.212-0300 [DEBUG] [org.gradle.internal.operations.DefaultBuildOperationRunner] Completing Build operation 'Deleting unused version-specific caches in /home/lucas/Downloads/demo/caches'
2026-07-14T14:33:26.212-0300 [DEBUG] [org.gradle.internal.operations.DefaultBuildOperationRunner] Build operation 'Deleting unused version-specific caches in /home/lucas/Downloads/demo/caches' completed
2026-07-14T14:33:26.212-0300 [DEBUG] [org.gradle.launcher.daemon.server.Daemon] stop() called on daemon
2026-07-14T14:33:26.212-0300 [INFO] [org.gradle.launcher.daemon.server.Daemon] Stop requested. Daemon is removing its presence from the registry...
2026-07-14T14:33:26.213-0300 [DEBUG] [org.gradle.launcher.daemon.server.DaemonRegistryUpdater] Removing our presence to clients, eg. removing this address from the registry: [2ec80caa-85ad-4104-92c7-970d764a2e75 port:45101, addresses:[localhost/127.0.0.1]]
2026-07-14T14:33:26.213-0300 [DEBUG] [org.gradle.launcher.daemon.registry.PersistentDaemonRegistry] Removing daemon address: [2ec80caa-85ad-4104-92c7-970d764a2e75 port:45101, addresses:[localhost/127.0.0.1]]
2026-07-14T14:33:26.213-0300 [DEBUG] [org.gradle.cache.internal.DefaultFileLockManager] Waiting to acquire exclusive lock on daemon addresses registry.
2026-07-14T14:33:26.213-0300 [DEBUG] [org.gradle.cache.internal.DefaultFileLockManager] Lock acquired on daemon addresses registry.
2026-07-14T14:33:26.213-0300 [DEBUG] [org.gradle.cache.internal.DefaultFileLockManager] Releasing lock on daemon addresses registry.
2026-07-14T14:33:26.214-0300 [DEBUG] [org.gradle.launcher.daemon.server.DaemonRegistryUpdater] Address removed from registry.
2026-07-14T14:33:26.214-0300 [DEBUG] [org.gradle.cache.internal.locklistener.DefaultFileLockContentionHandler] File lock listener thread completed.
Daemon vm is shutting down... The daemon has exited normally or was terminated in response to a user interrupt.
2026-07-14T14:33:26.216-0300 [DEBUG] [org.gradle.launcher.daemon.registry.PersistentDaemonRegistry] Removing daemon address: [2ec80caa-85ad-4104-92c7-970d764a2e75 port:45101, addresses:[localhost/127.0.0.1]]
2026-07-14T14:33:26.216-0300 [DEBUG] [org.gradle.launcher.daemon.server.Daemon] VM shutdown hook was unable to remove the daemon address from the registry. It will be cleaned up later.
java.lang.IllegalStateException: Cannot start managing file contention because this handler has been closed.
	at org.gradle.cache.internal.locklistener.DefaultFileLockContentionHandler.assertNotStopped(DefaultFileLockContentionHandler.java:267)
	at org.gradle.cache.internal.locklistener.DefaultFileLockContentionHandler.reservePort(DefaultFileLockContentionHandler.java:312)
	at org.gradle.cache.internal.DefaultFileLockManager.lock(DefaultFileLockManager.java:127)
	at org.gradle.cache.internal.DefaultFileLockManager.lock(DefaultFileLockManager.java:109)
	at org.gradle.cache.internal.DefaultFileLockManager.lock(DefaultFileLockManager.java:104)
	at org.gradle.cache.internal.OnDemandFileAccess.updateFile(OnDemandFileAccess.java:51)
	at org.gradle.cache.internal.FileBackedObjectHolder.update(FileBackedObjectHolder.java:77)
	at org.gradle.cache.internal.FileIntegrityViolationSuppressingObjectHolderDecorator.lambda$update$0(FileIntegrityViolationSuppressingObjectHolderDecorator.java:48)
	at org.gradle.cache.internal.FileIntegrityViolationSuppressingObjectHolderDecorator.doUpdate(FileIntegrityViolationSuppressingObjectHolderDecorator.java:58)
	at org.gradle.cache.internal.FileIntegrityViolationSuppressingObjectHolderDecorator.update(FileIntegrityViolationSuppressingObjectHolderDecorator.java:48)
	at org.gradle.launcher.daemon.registry.PersistentDaemonRegistry.remove(PersistentDaemonRegistry.java:133)
	at org.gradle.launcher.daemon.server.Daemon$1.run(Daemon.java:133)
	at java.base/java.lang.Thread.run(Thread.java:840)
